<?xml version="1.0" encoding="UTF-8"?>
<!-- Generated by org.testng.reporters.JUnitXMLReporter -->
<testsuite hostname="Sanoj-PC" name="Test" tests="2" failures="2" timestamp="8 Oct 2015 02:56:28 GMT" time="3.153" errors="0">
  <testcase name="testLanding" time="0.105" classname="com.appiumTest.LandingTest">
    <failure type="java.lang.NullPointerException">
      <![CDATA[java.lang.NullPointerException
	at org.openqa.selenium.remote.Augmenter.extractRemoteWebDriver(Augmenter.java:66)
	at org.openqa.selenium.remote.BaseAugmenter.augment(BaseAugmenter.java:106)
	at com.Utilities.Utils.captureScreen(Utils.java:15)
	at com.appiumTest.LandingTest.testLanding(LandingTest.java:17)
... Removed 24 stack frames]]>
    </failure>
  </testcase> <!-- testLanding -->
  <testcase name="testLogin" time="0.013" classname="com.appiumTest.LoginTest">
    <failure type="java.lang.NullPointerException">
      <![CDATA[java.lang.NullPointerException
	at com.appiumTest.LoginTest.testLogin(LoginTest.java:14)
... Removed 24 stack frames]]>
    </failure>
  </testcase> <!-- testLogin -->
</testsuite> <!-- Test -->
